2020-06-23 00:03:28.920  INFO 18148 --- [main] c.t.d.DemoIbatisApplicationTests         : Starting DemoIbatisApplicationTests on LAPTOP-O1KOFQ1P with PID 18148 (started by WZX in E:\Workspace\demo_ibatis)
2020-06-23 00:03:29.004 DEBUG 18148 --- [main] c.t.d.DemoIbatisApplicationTests         : Running with Spring Boot v2.2.1.RELEASE, Spring v5.2.1.RELEASE
2020-06-23 00:03:29.005  INFO 18148 --- [main] c.t.d.DemoIbatisApplicationTests         : The following profiles are active: dev
2020-06-23 00:03:35.073  INFO 18148 --- [main] o.s.s.concurrent.ThreadPoolTaskExecutor  : Initializing ExecutorService 'applicationTaskExecutor'
2020-06-23 00:03:35.500  INFO 18148 --- [main] o.s.b.a.w.s.WelcomePageHandlerMapping    : Adding welcome page: class path resource [static/index.html]
2020-06-23 00:03:36.659  INFO 18148 --- [main] c.t.d.DemoIbatisApplicationTests         : Started DemoIbatisApplicationTests in 8.73 seconds (JVM running for 14.995)
2020-06-23 00:03:50.361  INFO 18148 --- [SpringContextShutdownHook] o.s.s.concurrent.ThreadPoolTaskExecutor  : Shutting down ExecutorService 'applicationTaskExecutor'
2020-06-23 00:04:30.247  INFO 8592 --- [main] c.t.d.DemoIbatisApplicationTests         : Starting DemoIbatisApplicationTests on LAPTOP-O1KOFQ1P with PID 8592 (started by WZX in E:\Workspace\demo_ibatis)
2020-06-23 00:04:30.250 DEBUG 8592 --- [main] c.t.d.DemoIbatisApplicationTests         : Running with Spring Boot v2.2.1.RELEASE, Spring v5.2.1.RELEASE
2020-06-23 00:04:30.251  INFO 8592 --- [main] c.t.d.DemoIbatisApplicationTests         : The following profiles are active: dev
2020-06-23 00:04:35.983  INFO 8592 --- [main] o.s.s.concurrent.ThreadPoolTaskExecutor  : Initializing ExecutorService 'applicationTaskExecutor'
2020-06-23 00:04:36.398  INFO 8592 --- [main] o.s.b.a.w.s.WelcomePageHandlerMapping    : Adding welcome page: class path resource [static/index.html]
2020-06-23 00:04:37.474  INFO 8592 --- [main] c.t.d.DemoIbatisApplicationTests         : Started DemoIbatisApplicationTests in 8.303 seconds (JVM running for 12.5)
2020-06-23 00:04:40.782  INFO 8592 --- [SpringContextShutdownHook] o.s.s.concurrent.ThreadPoolTaskExecutor  : Shutting down ExecutorService 'applicationTaskExecutor'
2020-06-23 00:05:07.372  INFO 15028 --- [main] c.t.d.DemoIbatisApplicationTests         : Starting DemoIbatisApplicationTests on LAPTOP-O1KOFQ1P with PID 15028 (started by WZX in E:\Workspace\demo_ibatis)
2020-06-23 00:05:07.376 DEBUG 15028 --- [main] c.t.d.DemoIbatisApplicationTests         : Running with Spring Boot v2.2.1.RELEASE, Spring v5.2.1.RELEASE
2020-06-23 00:05:07.376  INFO 15028 --- [main] c.t.d.DemoIbatisApplicationTests         : The following profiles are active: dev
2020-06-23 00:05:12.508  INFO 15028 --- [main] o.s.s.concurrent.ThreadPoolTaskExecutor  : Initializing ExecutorService 'applicationTaskExecutor'
2020-06-23 00:05:12.849  INFO 15028 --- [main] o.s.b.a.w.s.WelcomePageHandlerMapping    : Adding welcome page: class path resource [static/index.html]
2020-06-23 00:05:13.882  INFO 15028 --- [main] c.t.d.DemoIbatisApplicationTests         : Started DemoIbatisApplicationTests in 7.406 seconds (JVM running for 11.295)
2020-06-23 00:05:14.714  INFO 15028 --- [SpringContextShutdownHook] o.s.s.concurrent.ThreadPoolTaskExecutor  : Shutting down ExecutorService 'applicationTaskExecutor'
2020-06-23 00:05:47.795  INFO 10160 --- [main] c.t.d.DemoIbatisApplicationTests         : Starting DemoIbatisApplicationTests on LAPTOP-O1KOFQ1P with PID 10160 (started by WZX in E:\Workspace\demo_ibatis)
2020-06-23 00:05:47.799 DEBUG 10160 --- [main] c.t.d.DemoIbatisApplicationTests         : Running with Spring Boot v2.2.1.RELEASE, Spring v5.2.1.RELEASE
2020-06-23 00:05:47.800  INFO 10160 --- [main] c.t.d.DemoIbatisApplicationTests         : The following profiles are active: dev
2020-06-23 00:05:52.777  INFO 10160 --- [main] o.s.s.concurrent.ThreadPoolTaskExecutor  : Initializing ExecutorService 'applicationTaskExecutor'
2020-06-23 00:05:53.173  INFO 10160 --- [main] o.s.b.a.w.s.WelcomePageHandlerMapping    : Adding welcome page: class path resource [static/index.html]
2020-06-23 00:05:54.203  INFO 10160 --- [main] c.t.d.DemoIbatisApplicationTests         : Started DemoIbatisApplicationTests in 7.329 seconds (JVM running for 11.173)
2020-06-23 00:05:54.867  INFO 10160 --- [SpringContextShutdownHook] o.s.s.concurrent.ThreadPoolTaskExecutor  : Shutting down ExecutorService 'applicationTaskExecutor'
2020-06-23 00:06:05.857  INFO 14896 --- [main] c.t.d.DemoIbatisApplicationTests         : Starting DemoIbatisApplicationTests on LAPTOP-O1KOFQ1P with PID 14896 (started by WZX in E:\Workspace\demo_ibatis)
2020-06-23 00:06:05.861 DEBUG 14896 --- [main] c.t.d.DemoIbatisApplicationTests         : Running with Spring Boot v2.2.1.RELEASE, Spring v5.2.1.RELEASE
2020-06-23 00:06:05.862  INFO 14896 --- [main] c.t.d.DemoIbatisApplicationTests         : The following profiles are active: dev
2020-06-23 00:06:11.754  INFO 14896 --- [main] o.s.s.concurrent.ThreadPoolTaskExecutor  : Initializing ExecutorService 'applicationTaskExecutor'
2020-06-23 00:06:12.153  INFO 14896 --- [main] o.s.b.a.w.s.WelcomePageHandlerMapping    : Adding welcome page: class path resource [static/index.html]
2020-06-23 00:06:13.161  INFO 14896 --- [main] c.t.d.DemoIbatisApplicationTests         : Started DemoIbatisApplicationTests in 9.212 seconds (JVM running for 14.564)
2020-06-23 00:06:13.709  INFO 14896 --- [SpringContextShutdownHook] o.s.s.concurrent.ThreadPoolTaskExecutor  : Shutting down ExecutorService 'applicationTaskExecutor'
2020-06-23 00:08:06.644  INFO 13304 --- [main] c.t.d.DemoIbatisApplicationTests         : Starting DemoIbatisApplicationTests on LAPTOP-O1KOFQ1P with PID 13304 (started by WZX in E:\Workspace\demo_ibatis)
2020-06-23 00:08:06.647 DEBUG 13304 --- [main] c.t.d.DemoIbatisApplicationTests         : Running with Spring Boot v2.2.1.RELEASE, Spring v5.2.1.RELEASE
2020-06-23 00:08:06.648  INFO 13304 --- [main] c.t.d.DemoIbatisApplicationTests         : The following profiles are active: dev
2020-06-23 00:08:11.801  INFO 13304 --- [main] o.s.s.concurrent.ThreadPoolTaskExecutor  : Initializing ExecutorService 'applicationTaskExecutor'
2020-06-23 00:08:12.182  INFO 13304 --- [main] o.s.b.a.w.s.WelcomePageHandlerMapping    : Adding welcome page: class path resource [static/index.html]
2020-06-23 00:08:13.203  INFO 13304 --- [main] c.t.d.DemoIbatisApplicationTests         : Started DemoIbatisApplicationTests in 7.599 seconds (JVM running for 11.564)
2020-06-23 00:08:13.778  INFO 13304 --- [SpringContextShutdownHook] o.s.s.concurrent.ThreadPoolTaskExecutor  : Shutting down ExecutorService 'applicationTaskExecutor'
2020-06-23 00:11:32.616  INFO 8800 --- [main] c.t.d.DemoIbatisApplicationTests         : Starting DemoIbatisApplicationTests on LAPTOP-O1KOFQ1P with PID 8800 (started by WZX in E:\Workspace\demo_ibatis)
2020-06-23 00:11:32.622 DEBUG 8800 --- [main] c.t.d.DemoIbatisApplicationTests         : Running with Spring Boot v2.2.1.RELEASE, Spring v5.2.1.RELEASE
2020-06-23 00:11:32.623  INFO 8800 --- [main] c.t.d.DemoIbatisApplicationTests         : The following profiles are active: dev
2020-06-23 00:11:43.234  INFO 8800 --- [main] o.s.s.concurrent.ThreadPoolTaskExecutor  : Initializing ExecutorService 'applicationTaskExecutor'
2020-06-23 00:11:44.305  INFO 8800 --- [main] o.s.b.a.w.s.WelcomePageHandlerMapping    : Adding welcome page: class path resource [static/index.html]
2020-06-23 00:11:47.136  INFO 8800 --- [main] c.t.d.DemoIbatisApplicationTests         : Started DemoIbatisApplicationTests in 16.502 seconds (JVM running for 24.158)
2020-06-23 00:11:48.988  INFO 8800 --- [SpringContextShutdownHook] o.s.s.concurrent.ThreadPoolTaskExecutor  : Shutting down ExecutorService 'applicationTaskExecutor'
2020-06-23 00:13:32.407  INFO 4492 --- [main] c.t.d.DemoIbatisApplicationTests         : Starting DemoIbatisApplicationTests on LAPTOP-O1KOFQ1P with PID 4492 (started by WZX in E:\Workspace\demo_ibatis)
2020-06-23 00:13:32.410 DEBUG 4492 --- [main] c.t.d.DemoIbatisApplicationTests         : Running with Spring Boot v2.2.1.RELEASE, Spring v5.2.1.RELEASE
2020-06-23 00:13:32.411  INFO 4492 --- [main] c.t.d.DemoIbatisApplicationTests         : The following profiles are active: dev
2020-06-23 00:13:37.734  INFO 4492 --- [main] o.s.s.concurrent.ThreadPoolTaskExecutor  : Initializing ExecutorService 'applicationTaskExecutor'
2020-06-23 00:13:38.090  INFO 4492 --- [main] o.s.b.a.w.s.WelcomePageHandlerMapping    : Adding welcome page: class path resource [static/index.html]
2020-06-23 00:13:39.170  INFO 4492 --- [main] c.t.d.DemoIbatisApplicationTests         : Started DemoIbatisApplicationTests in 7.735 seconds (JVM running for 11.711)
2020-06-23 00:13:39.719  INFO 4492 --- [SpringContextShutdownHook] o.s.s.concurrent.ThreadPoolTaskExecutor  : Shutting down ExecutorService 'applicationTaskExecutor'
2020-06-23 00:14:06.617  INFO 12476 --- [main] c.t.d.DemoIbatisApplicationTests         : Starting DemoIbatisApplicationTests on LAPTOP-O1KOFQ1P with PID 12476 (started by WZX in E:\Workspace\demo_ibatis)
2020-06-23 00:14:06.621 DEBUG 12476 --- [main] c.t.d.DemoIbatisApplicationTests         : Running with Spring Boot v2.2.1.RELEASE, Spring v5.2.1.RELEASE
2020-06-23 00:14:06.622  INFO 12476 --- [main] c.t.d.DemoIbatisApplicationTests         : The following profiles are active: dev
2020-06-23 00:14:11.938  INFO 12476 --- [main] o.s.s.concurrent.ThreadPoolTaskExecutor  : Initializing ExecutorService 'applicationTaskExecutor'
2020-06-23 00:14:12.305  INFO 12476 --- [main] o.s.b.a.w.s.WelcomePageHandlerMapping    : Adding welcome page: class path resource [static/index.html]
2020-06-23 00:14:13.396  INFO 12476 --- [main] c.t.d.DemoIbatisApplicationTests         : Started DemoIbatisApplicationTests in 7.84 seconds (JVM running for 11.915)
2020-06-23 00:14:21.393  INFO 12476 --- [SpringContextShutdownHook] o.s.s.concurrent.ThreadPoolTaskExecutor  : Shutting down ExecutorService 'applicationTaskExecutor'
2020-06-23 00:18:38.323  INFO 17564 --- [main] c.t.d.DemoIbatisApplicationTests         : Starting DemoIbatisApplicationTests on LAPTOP-O1KOFQ1P with PID 17564 (started by WZX in E:\Workspace\demo_ibatis)
2020-06-23 00:18:38.327 DEBUG 17564 --- [main] c.t.d.DemoIbatisApplicationTests         : Running with Spring Boot v2.2.1.RELEASE, Spring v5.2.1.RELEASE
2020-06-23 00:18:38.328  INFO 17564 --- [main] c.t.d.DemoIbatisApplicationTests         : The following profiles are active: dev
2020-06-23 00:18:43.506  INFO 17564 --- [main] o.s.s.concurrent.ThreadPoolTaskExecutor  : Initializing ExecutorService 'applicationTaskExecutor'
2020-06-23 00:18:43.858  INFO 17564 --- [main] o.s.b.a.w.s.WelcomePageHandlerMapping    : Adding welcome page: class path resource [static/index.html]
2020-06-23 00:18:44.928  INFO 17564 --- [main] c.t.d.DemoIbatisApplicationTests         : Started DemoIbatisApplicationTests in 7.616 seconds (JVM running for 11.794)
2020-06-23 00:18:47.871  INFO 17564 --- [SpringContextShutdownHook] o.s.s.concurrent.ThreadPoolTaskExecutor  : Shutting down ExecutorService 'applicationTaskExecutor'
2020-06-23 00:20:05.903  INFO 11020 --- [main] c.t.d.DemoIbatisApplicationTests         : Starting DemoIbatisApplicationTests on LAPTOP-O1KOFQ1P with PID 11020 (started by WZX in E:\Workspace\demo_ibatis)
2020-06-23 00:20:05.907 DEBUG 11020 --- [main] c.t.d.DemoIbatisApplicationTests         : Running with Spring Boot v2.2.1.RELEASE, Spring v5.2.1.RELEASE
2020-06-23 00:20:05.908  INFO 11020 --- [main] c.t.d.DemoIbatisApplicationTests         : The following profiles are active: dev
2020-06-23 00:20:11.835  INFO 11020 --- [main] o.s.s.concurrent.ThreadPoolTaskExecutor  : Initializing ExecutorService 'applicationTaskExecutor'
2020-06-23 00:20:12.243  INFO 11020 --- [main] o.s.b.a.w.s.WelcomePageHandlerMapping    : Adding welcome page: class path resource [static/index.html]
2020-06-23 00:20:13.336  INFO 11020 --- [main] c.t.d.DemoIbatisApplicationTests         : Started DemoIbatisApplicationTests in 8.784 seconds (JVM running for 13.596)
2020-06-23 00:20:13.937  INFO 11020 --- [SpringContextShutdownHook] o.s.s.concurrent.ThreadPoolTaskExecutor  : Shutting down ExecutorService 'applicationTaskExecutor'
2020-06-23 00:20:59.075  INFO 15748 --- [main] c.t.d.DemoIbatisApplicationTests         : Starting DemoIbatisApplicationTests on LAPTOP-O1KOFQ1P with PID 15748 (started by WZX in E:\Workspace\demo_ibatis)
2020-06-23 00:20:59.079 DEBUG 15748 --- [main] c.t.d.DemoIbatisApplicationTests         : Running with Spring Boot v2.2.1.RELEASE, Spring v5.2.1.RELEASE
2020-06-23 00:20:59.080  INFO 15748 --- [main] c.t.d.DemoIbatisApplicationTests         : The following profiles are active: dev
2020-06-23 00:21:04.308  INFO 15748 --- [main] o.s.s.concurrent.ThreadPoolTaskExecutor  : Initializing ExecutorService 'applicationTaskExecutor'
2020-06-23 00:21:04.648  INFO 15748 --- [main] o.s.b.a.w.s.WelcomePageHandlerMapping    : Adding welcome page: class path resource [static/index.html]
2020-06-23 00:21:05.530  INFO 15748 --- [main] c.t.d.DemoIbatisApplicationTests         : Started DemoIbatisApplicationTests in 7.412 seconds (JVM running for 10.97)
2020-06-23 00:21:06.128  INFO 15748 --- [SpringContextShutdownHook] o.s.s.concurrent.ThreadPoolTaskExecutor  : Shutting down ExecutorService 'applicationTaskExecutor'
2020-06-23 00:26:42.250  INFO 14008 --- [main] c.t.d.DemoIbatisApplicationTests         : Starting DemoIbatisApplicationTests on LAPTOP-O1KOFQ1P with PID 14008 (started by WZX in E:\Workspace\demo_ibatis)
2020-06-23 00:26:42.254 DEBUG 14008 --- [main] c.t.d.DemoIbatisApplicationTests         : Running with Spring Boot v2.2.1.RELEASE, Spring v5.2.1.RELEASE
2020-06-23 00:26:42.255  INFO 14008 --- [main] c.t.d.DemoIbatisApplicationTests         : The following profiles are active: dev
2020-06-23 00:26:47.330  INFO 14008 --- [main] o.s.s.concurrent.ThreadPoolTaskExecutor  : Initializing ExecutorService 'applicationTaskExecutor'
2020-06-23 00:26:47.710  INFO 14008 --- [main] o.s.b.a.w.s.WelcomePageHandlerMapping    : Adding welcome page: class path resource [static/index.html]
2020-06-23 00:26:48.799  INFO 14008 --- [main] c.t.d.DemoIbatisApplicationTests         : Started DemoIbatisApplicationTests in 7.544 seconds (JVM running for 11.546)
2020-06-23 00:26:49.314  INFO 14008 --- [SpringContextShutdownHook] o.s.s.concurrent.ThreadPoolTaskExecutor  : Shutting down ExecutorService 'applicationTaskExecutor'
2020-06-23 00:27:44.700  INFO 15784 --- [main] c.t.d.DemoIbatisApplicationTests         : Starting DemoIbatisApplicationTests on LAPTOP-O1KOFQ1P with PID 15784 (started by WZX in E:\Workspace\demo_ibatis)
2020-06-23 00:27:44.705 DEBUG 15784 --- [main] c.t.d.DemoIbatisApplicationTests         : Running with Spring Boot v2.2.1.RELEASE, Spring v5.2.1.RELEASE
2020-06-23 00:27:44.706  INFO 15784 --- [main] c.t.d.DemoIbatisApplicationTests         : The following profiles are active: dev
2020-06-23 00:27:50.701  INFO 15784 --- [main] o.s.s.concurrent.ThreadPoolTaskExecutor  : Initializing ExecutorService 'applicationTaskExecutor'
2020-06-23 00:27:51.067  INFO 15784 --- [main] o.s.b.a.w.s.WelcomePageHandlerMapping    : Adding welcome page: class path resource [static/index.html]
2020-06-23 00:27:52.152  INFO 15784 --- [main] c.t.d.DemoIbatisApplicationTests         : Started DemoIbatisApplicationTests in 8.434 seconds (JVM running for 12.362)
2020-06-23 00:27:52.679  INFO 15784 --- [SpringContextShutdownHook] o.s.s.concurrent.ThreadPoolTaskExecutor  : Shutting down ExecutorService 'applicationTaskExecutor'
2020-06-23 00:28:42.009  INFO 1000 --- [main] c.t.d.DemoIbatisApplicationTests         : Starting DemoIbatisApplicationTests on LAPTOP-O1KOFQ1P with PID 1000 (started by WZX in E:\Workspace\demo_ibatis)
2020-06-23 00:28:42.013 DEBUG 1000 --- [main] c.t.d.DemoIbatisApplicationTests         : Running with Spring Boot v2.2.1.RELEASE, Spring v5.2.1.RELEASE
2020-06-23 00:28:42.013  INFO 1000 --- [main] c.t.d.DemoIbatisApplicationTests         : The following profiles are active: dev
2020-06-23 00:28:47.736  INFO 1000 --- [main] o.s.s.concurrent.ThreadPoolTaskExecutor  : Initializing ExecutorService 'applicationTaskExecutor'
2020-06-23 00:28:48.156  INFO 1000 --- [main] o.s.b.a.w.s.WelcomePageHandlerMapping    : Adding welcome page: class path resource [static/index.html]
2020-06-23 00:28:49.266  INFO 1000 --- [main] c.t.d.DemoIbatisApplicationTests         : Started DemoIbatisApplicationTests in 8.663 seconds (JVM running for 13.601)
2020-06-23 00:29:40.557  INFO 17040 --- [main] c.t.d.DemoIbatisApplicationTests         : Starting DemoIbatisApplicationTests on LAPTOP-O1KOFQ1P with PID 17040 (started by WZX in E:\Workspace\demo_ibatis)
2020-06-23 00:29:40.560 DEBUG 17040 --- [main] c.t.d.DemoIbatisApplicationTests         : Running with Spring Boot v2.2.1.RELEASE, Spring v5.2.1.RELEASE
2020-06-23 00:29:40.561  INFO 17040 --- [main] c.t.d.DemoIbatisApplicationTests         : The following profiles are active: dev
2020-06-23 00:29:45.878  INFO 17040 --- [main] o.s.s.concurrent.ThreadPoolTaskExecutor  : Initializing ExecutorService 'applicationTaskExecutor'
2020-06-23 00:29:46.235  INFO 17040 --- [main] o.s.b.a.w.s.WelcomePageHandlerMapping    : Adding welcome page: class path resource [static/index.html]
2020-06-23 00:29:47.353  INFO 17040 --- [main] c.t.d.DemoIbatisApplicationTests         : Started DemoIbatisApplicationTests in 7.745 seconds (JVM running for 11.844)
2020-06-23 00:29:50.930  INFO 17040 --- [SpringContextShutdownHook] o.s.s.concurrent.ThreadPoolTaskExecutor  : Shutting down ExecutorService 'applicationTaskExecutor'
2020-06-23 00:36:59.655  INFO 5448 --- [main] c.t.d.DemoIbatisApplicationTests         : Starting DemoIbatisApplicationTests on LAPTOP-O1KOFQ1P with PID 5448 (started by WZX in E:\Workspace\demo_ibatis)
2020-06-23 00:36:59.659 DEBUG 5448 --- [main] c.t.d.DemoIbatisApplicationTests         : Running with Spring Boot v2.2.1.RELEASE, Spring v5.2.1.RELEASE
2020-06-23 00:36:59.660  INFO 5448 --- [main] c.t.d.DemoIbatisApplicationTests         : The following profiles are active: dev
2020-06-23 00:37:06.399  INFO 5448 --- [main] o.s.s.concurrent.ThreadPoolTaskExecutor  : Initializing ExecutorService 'applicationTaskExecutor'
2020-06-23 00:37:06.833  INFO 5448 --- [main] o.s.b.a.w.s.WelcomePageHandlerMapping    : Adding welcome page: class path resource [static/index.html]
2020-06-23 00:37:08.132  INFO 5448 --- [main] c.t.d.DemoIbatisApplicationTests         : Started DemoIbatisApplicationTests in 9.69 seconds (JVM running for 14.748)
2020-06-23 00:38:13.002  INFO 5448 --- [SpringContextShutdownHook] o.s.s.concurrent.ThreadPoolTaskExecutor  : Shutting down ExecutorService 'applicationTaskExecutor'
2020-06-23 00:38:34.215  INFO 1000 --- [SpringContextShutdownHook] o.s.s.concurrent.ThreadPoolTaskExecutor  : Shutting down ExecutorService 'applicationTaskExecutor'
2020-06-23 00:40:10.293  INFO 2364 --- [main] c.t.d.DemoIbatisApplicationTests         : Starting DemoIbatisApplicationTests on LAPTOP-O1KOFQ1P with PID 2364 (started by WZX in E:\Workspace\demo_ibatis)
2020-06-23 00:40:10.296 DEBUG 2364 --- [main] c.t.d.DemoIbatisApplicationTests         : Running with Spring Boot v2.2.1.RELEASE, Spring v5.2.1.RELEASE
2020-06-23 00:40:10.297  INFO 2364 --- [main] c.t.d.DemoIbatisApplicationTests         : The following profiles are active: dev
2020-06-23 00:40:15.807  INFO 2364 --- [main] o.s.s.concurrent.ThreadPoolTaskExecutor  : Initializing ExecutorService 'applicationTaskExecutor'
2020-06-23 00:40:16.194  INFO 2364 --- [main] o.s.b.a.w.s.WelcomePageHandlerMapping    : Adding welcome page: class path resource [static/index.html]
2020-06-23 00:40:17.337  INFO 2364 --- [main] c.t.d.DemoIbatisApplicationTests         : Started DemoIbatisApplicationTests in 8.062 seconds (JVM running for 12.414)
2020-06-23 00:40:26.840  INFO 2364 --- [SpringContextShutdownHook] o.s.s.concurrent.ThreadPoolTaskExecutor  : Shutting down ExecutorService 'applicationTaskExecutor'
2020-06-23 00:41:15.615  INFO 17404 --- [main] c.t.d.DemoIbatisApplicationTests         : Starting DemoIbatisApplicationTests on LAPTOP-O1KOFQ1P with PID 17404 (started by WZX in E:\Workspace\demo_ibatis)
2020-06-23 00:41:15.622 DEBUG 17404 --- [main] c.t.d.DemoIbatisApplicationTests         : Running with Spring Boot v2.2.1.RELEASE, Spring v5.2.1.RELEASE
2020-06-23 00:41:15.624  INFO 17404 --- [main] c.t.d.DemoIbatisApplicationTests         : The following profiles are active: dev
2020-06-23 00:41:21.823  INFO 17404 --- [main] o.s.s.concurrent.ThreadPoolTaskExecutor  : Initializing ExecutorService 'applicationTaskExecutor'
2020-06-23 00:41:22.225  INFO 17404 --- [main] o.s.b.a.w.s.WelcomePageHandlerMapping    : Adding welcome page: class path resource [static/index.html]
2020-06-23 00:41:23.476  INFO 17404 --- [main] c.t.d.DemoIbatisApplicationTests         : Started DemoIbatisApplicationTests in 8.899 seconds (JVM running for 13.767)
2020-06-23 00:41:24.132  INFO 17404 --- [SpringContextShutdownHook] o.s.s.concurrent.ThreadPoolTaskExecutor  : Shutting down ExecutorService 'applicationTaskExecutor'
2020-06-23 00:42:48.385  INFO 252 --- [main] c.t.d.DemoIbatisApplicationTests         : Starting DemoIbatisApplicationTests on LAPTOP-O1KOFQ1P with PID 252 (started by WZX in E:\Workspace\demo_ibatis)
2020-06-23 00:42:48.389 DEBUG 252 --- [main] c.t.d.DemoIbatisApplicationTests         : Running with Spring Boot v2.2.1.RELEASE, Spring v5.2.1.RELEASE
2020-06-23 00:42:48.390  INFO 252 --- [main] c.t.d.DemoIbatisApplicationTests         : The following profiles are active: dev
2020-06-23 00:42:54.248  INFO 252 --- [main] o.s.s.concurrent.ThreadPoolTaskExecutor  : Initializing ExecutorService 'applicationTaskExecutor'
2020-06-23 00:42:54.636  INFO 252 --- [main] o.s.b.a.w.s.WelcomePageHandlerMapping    : Adding welcome page: class path resource [static/index.html]
2020-06-23 00:42:55.817  INFO 252 --- [main] c.t.d.DemoIbatisApplicationTests         : Started DemoIbatisApplicationTests in 8.738 seconds (JVM running for 13.166)
2020-06-23 00:42:56.426  INFO 252 --- [SpringContextShutdownHook] o.s.s.concurrent.ThreadPoolTaskExecutor  : Shutting down ExecutorService 'applicationTaskExecutor'
2020-06-23 00:44:19.417  INFO 14528 --- [main] c.t.d.DemoIbatisApplicationTests         : Starting DemoIbatisApplicationTests on LAPTOP-O1KOFQ1P with PID 14528 (started by WZX in E:\Workspace\demo_ibatis)
2020-06-23 00:44:19.419 DEBUG 14528 --- [main] c.t.d.DemoIbatisApplicationTests         : Running with Spring Boot v2.2.1.RELEASE, Spring v5.2.1.RELEASE
2020-06-23 00:44:19.420  INFO 14528 --- [main] c.t.d.DemoIbatisApplicationTests         : The following profiles are active: dev
2020-06-23 00:44:25.428  INFO 14528 --- [main] o.s.s.concurrent.ThreadPoolTaskExecutor  : Initializing ExecutorService 'applicationTaskExecutor'
2020-06-23 00:44:25.909  INFO 14528 --- [main] o.s.b.a.w.s.WelcomePageHandlerMapping    : Adding welcome page: class path resource [static/index.html]
2020-06-23 00:44:27.147  INFO 14528 --- [main] c.t.d.DemoIbatisApplicationTests         : Started DemoIbatisApplicationTests in 8.705 seconds (JVM running for 13.086)
2020-06-23 00:44:27.732  INFO 14528 --- [SpringContextShutdownHook] o.s.s.concurrent.ThreadPoolTaskExecutor  : Shutting down ExecutorService 'applicationTaskExecutor'
2020-06-23 00:44:44.640  INFO 3592 --- [main] c.t.d.DemoIbatisApplicationTests         : Starting DemoIbatisApplicationTests on LAPTOP-O1KOFQ1P with PID 3592 (started by WZX in E:\Workspace\demo_ibatis)
2020-06-23 00:44:44.643 DEBUG 3592 --- [main] c.t.d.DemoIbatisApplicationTests         : Running with Spring Boot v2.2.1.RELEASE, Spring v5.2.1.RELEASE
2020-06-23 00:44:44.644  INFO 3592 --- [main] c.t.d.DemoIbatisApplicationTests         : The following profiles are active: dev
2020-06-23 00:44:50.136  INFO 3592 --- [main] o.s.s.concurrent.ThreadPoolTaskExecutor  : Initializing ExecutorService 'applicationTaskExecutor'
2020-06-23 00:44:50.550  INFO 3592 --- [main] o.s.b.a.w.s.WelcomePageHandlerMapping    : Adding welcome page: class path resource [static/index.html]
2020-06-23 00:44:51.750  INFO 3592 --- [main] c.t.d.DemoIbatisApplicationTests         : Started DemoIbatisApplicationTests in 8.098 seconds (JVM running for 12.833)
2020-06-23 00:44:52.335  INFO 3592 --- [SpringContextShutdownHook] o.s.s.concurrent.ThreadPoolTaskExecutor  : Shutting down ExecutorService 'applicationTaskExecutor'
2020-06-23 00:45:33.342  INFO 17252 --- [main] c.t.d.DemoIbatisApplicationTests         : Starting DemoIbatisApplicationTests on LAPTOP-O1KOFQ1P with PID 17252 (started by WZX in E:\Workspace\demo_ibatis)
2020-06-23 00:45:33.346 DEBUG 17252 --- [main] c.t.d.DemoIbatisApplicationTests         : Running with Spring Boot v2.2.1.RELEASE, Spring v5.2.1.RELEASE
2020-06-23 00:45:33.347  INFO 17252 --- [main] c.t.d.DemoIbatisApplicationTests         : The following profiles are active: dev
2020-06-23 00:45:39.180  INFO 17252 --- [main] o.s.s.concurrent.ThreadPoolTaskExecutor  : Initializing ExecutorService 'applicationTaskExecutor'
2020-06-23 00:45:39.740  INFO 17252 --- [main] o.s.b.a.w.s.WelcomePageHandlerMapping    : Adding welcome page: class path resource [static/index.html]
2020-06-23 00:45:41.106  INFO 17252 --- [main] c.t.d.DemoIbatisApplicationTests         : Started DemoIbatisApplicationTests in 8.836 seconds (JVM running for 13.173)
2020-06-23 00:45:41.831  INFO 17252 --- [SpringContextShutdownHook] o.s.s.concurrent.ThreadPoolTaskExecutor  : Shutting down ExecutorService 'applicationTaskExecutor'
2020-06-23 00:46:57.430  INFO 15440 --- [main] c.t.d.DemoIbatisApplicationTests         : Starting DemoIbatisApplicationTests on LAPTOP-O1KOFQ1P with PID 15440 (started by WZX in E:\Workspace\demo_ibatis)
2020-06-23 00:46:57.439 DEBUG 15440 --- [main] c.t.d.DemoIbatisApplicationTests         : Running with Spring Boot v2.2.1.RELEASE, Spring v5.2.1.RELEASE
2020-06-23 00:46:57.440  INFO 15440 --- [main] c.t.d.DemoIbatisApplicationTests         : The following profiles are active: dev
2020-06-23 00:47:03.346  INFO 15440 --- [main] o.s.s.concurrent.ThreadPoolTaskExecutor  : Initializing ExecutorService 'applicationTaskExecutor'
2020-06-23 00:47:03.745  INFO 15440 --- [main] o.s.b.a.w.s.WelcomePageHandlerMapping    : Adding welcome page: class path resource [static/index.html]
2020-06-23 00:47:04.912  INFO 15440 --- [main] c.t.d.DemoIbatisApplicationTests         : Started DemoIbatisApplicationTests in 8.598 seconds (JVM running for 13.045)
2020-06-23 00:47:05.519  INFO 15440 --- [SpringContextShutdownHook] o.s.s.concurrent.ThreadPoolTaskExecutor  : Shutting down ExecutorService 'applicationTaskExecutor'
2020-06-23 00:49:16.911  INFO 5400 --- [main] c.t.d.DemoIbatisApplicationTests         : Starting DemoIbatisApplicationTests on LAPTOP-O1KOFQ1P with PID 5400 (started by WZX in E:\Workspace\demo_ibatis)
2020-06-23 00:49:16.915 DEBUG 5400 --- [main] c.t.d.DemoIbatisApplicationTests         : Running with Spring Boot v2.2.1.RELEASE, Spring v5.2.1.RELEASE
2020-06-23 00:49:16.916  INFO 5400 --- [main] c.t.d.DemoIbatisApplicationTests         : The following profiles are active: dev
2020-06-23 00:49:23.141  INFO 5400 --- [main] o.s.s.concurrent.ThreadPoolTaskExecutor  : Initializing ExecutorService 'applicationTaskExecutor'
2020-06-23 00:49:23.680  INFO 5400 --- [main] o.s.b.a.w.s.WelcomePageHandlerMapping    : Adding welcome page: class path resource [static/index.html]
2020-06-23 00:49:25.378  INFO 5400 --- [main] c.t.d.DemoIbatisApplicationTests         : Started DemoIbatisApplicationTests in 9.717 seconds (JVM running for 14.347)
2020-06-23 00:49:26.044  INFO 5400 --- [SpringContextShutdownHook] o.s.s.concurrent.ThreadPoolTaskExecutor  : Shutting down ExecutorService 'applicationTaskExecutor'
2020-06-23 00:49:57.843  INFO 1688 --- [main] c.t.d.DemoIbatisApplicationTests         : Starting DemoIbatisApplicationTests on LAPTOP-O1KOFQ1P with PID 1688 (started by WZX in E:\Workspace\demo_ibatis)
2020-06-23 00:49:57.846 DEBUG 1688 --- [main] c.t.d.DemoIbatisApplicationTests         : Running with Spring Boot v2.2.1.RELEASE, Spring v5.2.1.RELEASE
2020-06-23 00:49:57.847  INFO 1688 --- [main] c.t.d.DemoIbatisApplicationTests         : The following profiles are active: dev
2020-06-23 00:50:03.710  INFO 1688 --- [main] o.s.s.concurrent.ThreadPoolTaskExecutor  : Initializing ExecutorService 'applicationTaskExecutor'
2020-06-23 00:50:04.121  INFO 1688 --- [main] o.s.b.a.w.s.WelcomePageHandlerMapping    : Adding welcome page: class path resource [static/index.html]
2020-06-23 00:50:05.373  INFO 1688 --- [main] c.t.d.DemoIbatisApplicationTests         : Started DemoIbatisApplicationTests in 8.605 seconds (JVM running for 13.501)
2020-06-23 00:50:06.067  INFO 1688 --- [SpringContextShutdownHook] o.s.s.concurrent.ThreadPoolTaskExecutor  : Shutting down ExecutorService 'applicationTaskExecutor'
2020-06-23 00:50:57.743  INFO 14644 --- [main] c.t.d.DemoIbatisApplicationTests         : Starting DemoIbatisApplicationTests on LAPTOP-O1KOFQ1P with PID 14644 (started by WZX in E:\Workspace\demo_ibatis)
2020-06-23 00:50:57.747 DEBUG 14644 --- [main] c.t.d.DemoIbatisApplicationTests         : Running with Spring Boot v2.2.1.RELEASE, Spring v5.2.1.RELEASE
2020-06-23 00:50:57.748  INFO 14644 --- [main] c.t.d.DemoIbatisApplicationTests         : The following profiles are active: dev
2020-06-23 00:51:03.279  INFO 14644 --- [main] o.s.s.concurrent.ThreadPoolTaskExecutor  : Initializing ExecutorService 'applicationTaskExecutor'
2020-06-23 00:51:03.671  INFO 14644 --- [main] o.s.b.a.w.s.WelcomePageHandlerMapping    : Adding welcome page: class path resource [static/index.html]
2020-06-23 00:51:04.932  INFO 14644 --- [main] c.t.d.DemoIbatisApplicationTests         : Started DemoIbatisApplicationTests in 8.262 seconds (JVM running for 12.647)
2020-06-23 00:51:05.521  INFO 14644 --- [SpringContextShutdownHook] o.s.s.concurrent.ThreadPoolTaskExecutor  : Shutting down ExecutorService 'applicationTaskExecutor'
2020-06-23 00:52:38.125  INFO 7164 --- [main] c.t.d.DemoIbatisApplicationTests         : Starting DemoIbatisApplicationTests on LAPTOP-O1KOFQ1P with PID 7164 (started by WZX in E:\Workspace\demo_ibatis)
2020-06-23 00:52:38.129 DEBUG 7164 --- [main] c.t.d.DemoIbatisApplicationTests         : Running with Spring Boot v2.2.1.RELEASE, Spring v5.2.1.RELEASE
2020-06-23 00:52:38.130  INFO 7164 --- [main] c.t.d.DemoIbatisApplicationTests         : The following profiles are active: dev
2020-06-23 00:52:43.679  INFO 7164 --- [main] o.s.s.concurrent.ThreadPoolTaskExecutor  : Initializing ExecutorService 'applicationTaskExecutor'
2020-06-23 00:52:44.105  INFO 7164 --- [main] o.s.b.a.w.s.WelcomePageHandlerMapping    : Adding welcome page: class path resource [static/index.html]
2020-06-23 00:52:45.351  INFO 7164 --- [main] c.t.d.DemoIbatisApplicationTests         : Started DemoIbatisApplicationTests in 8.272 seconds (JVM running for 12.534)
2020-06-23 00:52:46.049  INFO 7164 --- [SpringContextShutdownHook] o.s.s.concurrent.ThreadPoolTaskExecutor  : Shutting down ExecutorService 'applicationTaskExecutor'
2020-06-23 00:53:45.879  INFO 11328 --- [main] c.t.d.DemoIbatisApplicationTests         : Starting DemoIbatisApplicationTests on LAPTOP-O1KOFQ1P with PID 11328 (started by WZX in E:\Workspace\demo_ibatis)
2020-06-23 00:53:45.882 DEBUG 11328 --- [main] c.t.d.DemoIbatisApplicationTests         : Running with Spring Boot v2.2.1.RELEASE, Spring v5.2.1.RELEASE
2020-06-23 00:53:45.883  INFO 11328 --- [main] c.t.d.DemoIbatisApplicationTests         : The following profiles are active: dev
2020-06-23 00:53:51.532  INFO 11328 --- [main] o.s.s.concurrent.ThreadPoolTaskExecutor  : Initializing ExecutorService 'applicationTaskExecutor'
2020-06-23 00:53:51.977  INFO 11328 --- [main] o.s.b.a.w.s.WelcomePageHandlerMapping    : Adding welcome page: class path resource [static/index.html]
2020-06-23 00:53:53.099  INFO 11328 --- [main] c.t.d.DemoIbatisApplicationTests         : Started DemoIbatisApplicationTests in 8.33 seconds (JVM running for 12.715)
2020-06-23 00:53:53.990  INFO 11328 --- [SpringContextShutdownHook] o.s.s.concurrent.ThreadPoolTaskExecutor  : Shutting down ExecutorService 'applicationTaskExecutor'
2020-06-23 00:54:35.705  INFO 15336 --- [main] c.t.d.DemoIbatisApplicationTests         : Starting DemoIbatisApplicationTests on LAPTOP-O1KOFQ1P with PID 15336 (started by WZX in E:\Workspace\demo_ibatis)
2020-06-23 00:54:35.710 DEBUG 15336 --- [main] c.t.d.DemoIbatisApplicationTests         : Running with Spring Boot v2.2.1.RELEASE, Spring v5.2.1.RELEASE
2020-06-23 00:54:35.711  INFO 15336 --- [main] c.t.d.DemoIbatisApplicationTests         : The following profiles are active: dev
2020-06-23 00:54:41.315  INFO 15336 --- [main] o.s.s.concurrent.ThreadPoolTaskExecutor  : Initializing ExecutorService 'applicationTaskExecutor'
2020-06-23 00:54:41.759  INFO 15336 --- [main] o.s.b.a.w.s.WelcomePageHandlerMapping    : Adding welcome page: class path resource [static/index.html]
2020-06-23 00:54:42.938  INFO 15336 --- [main] c.t.d.DemoIbatisApplicationTests         : Started DemoIbatisApplicationTests in 8.303 seconds (JVM running for 12.872)
2020-06-23 00:54:43.558  INFO 15336 --- [SpringContextShutdownHook] o.s.s.concurrent.ThreadPoolTaskExecutor  : Shutting down ExecutorService 'applicationTaskExecutor'
2020-06-23 00:55:09.251  INFO 14520 --- [main] c.t.d.DemoIbatisApplicationTests         : Starting DemoIbatisApplicationTests on LAPTOP-O1KOFQ1P with PID 14520 (started by WZX in E:\Workspace\demo_ibatis)
2020-06-23 00:55:09.254 DEBUG 14520 --- [main] c.t.d.DemoIbatisApplicationTests         : Running with Spring Boot v2.2.1.RELEASE, Spring v5.2.1.RELEASE
2020-06-23 00:55:09.254  INFO 14520 --- [main] c.t.d.DemoIbatisApplicationTests         : The following profiles are active: dev
2020-06-23 00:55:15.238  INFO 14520 --- [main] o.s.s.concurrent.ThreadPoolTaskExecutor  : Initializing ExecutorService 'applicationTaskExecutor'
2020-06-23 00:55:15.699  INFO 14520 --- [main] o.s.b.a.w.s.WelcomePageHandlerMapping    : Adding welcome page: class path resource [static/index.html]
2020-06-23 00:55:17.427  INFO 14520 --- [main] c.t.d.DemoIbatisApplicationTests         : Started DemoIbatisApplicationTests in 9.483 seconds (JVM running for 14.474)
2020-06-23 00:55:26.333  INFO 14520 --- [SpringContextShutdownHook] o.s.s.concurrent.ThreadPoolTaskExecutor  : Shutting down ExecutorService 'applicationTaskExecutor'
2020-06-23 00:55:39.755  INFO 11804 --- [main] c.t.d.DemoIbatisApplicationTests         : Starting DemoIbatisApplicationTests on LAPTOP-O1KOFQ1P with PID 11804 (started by WZX in E:\Workspace\demo_ibatis)
2020-06-23 00:55:39.759 DEBUG 11804 --- [main] c.t.d.DemoIbatisApplicationTests         : Running with Spring Boot v2.2.1.RELEASE, Spring v5.2.1.RELEASE
2020-06-23 00:55:39.760  INFO 11804 --- [main] c.t.d.DemoIbatisApplicationTests         : The following profiles are active: dev
2020-06-23 00:55:45.449  INFO 11804 --- [main] o.s.s.concurrent.ThreadPoolTaskExecutor  : Initializing ExecutorService 'applicationTaskExecutor'
2020-06-23 00:55:45.831  INFO 11804 --- [main] o.s.b.a.w.s.WelcomePageHandlerMapping    : Adding welcome page: class path resource [static/index.html]
2020-06-23 00:55:47.026  INFO 11804 --- [main] c.t.d.DemoIbatisApplicationTests         : Started DemoIbatisApplicationTests in 8.337 seconds (JVM running for 12.688)
2020-06-23 00:55:52.722  INFO 11804 --- [SpringContextShutdownHook] o.s.s.concurrent.ThreadPoolTaskExecutor  : Shutting down ExecutorService 'applicationTaskExecutor'
2020-06-23 00:59:13.447  INFO 17816 --- [main] c.t.d.DemoIbatisApplicationTests         : Starting DemoIbatisApplicationTests on LAPTOP-O1KOFQ1P with PID 17816 (started by WZX in E:\Workspace\demo_ibatis)
2020-06-23 00:59:13.451 DEBUG 17816 --- [main] c.t.d.DemoIbatisApplicationTests         : Running with Spring Boot v2.2.1.RELEASE, Spring v5.2.1.RELEASE
2020-06-23 00:59:13.452  INFO 17816 --- [main] c.t.d.DemoIbatisApplicationTests         : The following profiles are active: dev
2020-06-23 00:59:19.885  INFO 17816 --- [main] o.s.s.concurrent.ThreadPoolTaskExecutor  : Initializing ExecutorService 'applicationTaskExecutor'
2020-06-23 00:59:20.369  INFO 17816 --- [main] o.s.b.a.w.s.WelcomePageHandlerMapping    : Adding welcome page: class path resource [static/index.html]
2020-06-23 00:59:22.112  INFO 17816 --- [main] c.t.d.DemoIbatisApplicationTests         : Started DemoIbatisApplicationTests in 10.062 seconds (JVM running for 15.375)
2020-06-23 00:59:30.530  INFO 17816 --- [SpringContextShutdownHook] o.s.s.concurrent.ThreadPoolTaskExecutor  : Shutting down ExecutorService 'applicationTaskExecutor'
2020-06-23 00:59:44.260  INFO 17376 --- [main] c.t.d.DemoIbatisApplicationTests         : Starting DemoIbatisApplicationTests on LAPTOP-O1KOFQ1P with PID 17376 (started by WZX in E:\Workspace\demo_ibatis)
2020-06-23 00:59:44.264 DEBUG 17376 --- [main] c.t.d.DemoIbatisApplicationTests         : Running with Spring Boot v2.2.1.RELEASE, Spring v5.2.1.RELEASE
2020-06-23 00:59:44.264  INFO 17376 --- [main] c.t.d.DemoIbatisApplicationTests         : The following profiles are active: dev
2020-06-23 00:59:50.666  INFO 17376 --- [main] o.s.s.concurrent.ThreadPoolTaskExecutor  : Initializing ExecutorService 'applicationTaskExecutor'
2020-06-23 00:59:51.124  INFO 17376 --- [main] o.s.b.a.w.s.WelcomePageHandlerMapping    : Adding welcome page: class path resource [static/index.html]
2020-06-23 00:59:52.770  INFO 17376 --- [main] c.t.d.DemoIbatisApplicationTests         : Started DemoIbatisApplicationTests in 10.321 seconds (JVM running for 15.502)
2020-06-23 00:59:53.422  INFO 17376 --- [SpringContextShutdownHook] o.s.s.concurrent.ThreadPoolTaskExecutor  : Shutting down ExecutorService 'applicationTaskExecutor'
2020-06-23 01:01:40.138  INFO 12492 --- [main] c.t.d.DemoIbatisApplicationTests         : Starting DemoIbatisApplicationTests on LAPTOP-O1KOFQ1P with PID 12492 (started by WZX in E:\Workspace\demo_ibatis)
2020-06-23 01:01:40.141 DEBUG 12492 --- [main] c.t.d.DemoIbatisApplicationTests         : Running with Spring Boot v2.2.1.RELEASE, Spring v5.2.1.RELEASE
2020-06-23 01:01:40.141  INFO 12492 --- [main] c.t.d.DemoIbatisApplicationTests         : The following profiles are active: dev
2020-06-23 01:01:46.477  INFO 12492 --- [main] o.s.s.concurrent.ThreadPoolTaskExecutor  : Initializing ExecutorService 'applicationTaskExecutor'
2020-06-23 01:01:46.921  INFO 12492 --- [main] o.s.b.a.w.s.WelcomePageHandlerMapping    : Adding welcome page: class path resource [static/index.html]
2020-06-23 01:01:48.215  INFO 12492 --- [main] c.t.d.DemoIbatisApplicationTests         : Started DemoIbatisApplicationTests in 9.607 seconds (JVM running for 14.677)
2020-06-23 01:01:48.929  INFO 12492 --- [SpringContextShutdownHook] o.s.s.concurrent.ThreadPoolTaskExecutor  : Shutting down ExecutorService 'applicationTaskExecutor'
2020-06-23 01:03:00.730  INFO 18000 --- [main] c.t.d.DemoIbatisApplicationTests         : Starting DemoIbatisApplicationTests on LAPTOP-O1KOFQ1P with PID 18000 (started by WZX in E:\Workspace\demo_ibatis)
2020-06-23 01:03:00.733 DEBUG 18000 --- [main] c.t.d.DemoIbatisApplicationTests         : Running with Spring Boot v2.2.1.RELEASE, Spring v5.2.1.RELEASE
2020-06-23 01:03:00.734  INFO 18000 --- [main] c.t.d.DemoIbatisApplicationTests         : The following profiles are active: dev
2020-06-23 01:03:06.838  INFO 18000 --- [main] o.s.s.concurrent.ThreadPoolTaskExecutor  : Initializing ExecutorService 'applicationTaskExecutor'
2020-06-23 01:03:07.265  INFO 18000 --- [main] o.s.b.a.w.s.WelcomePageHandlerMapping    : Adding welcome page: class path resource [static/index.html]
2020-06-23 01:03:08.685  INFO 18000 --- [main] c.t.d.DemoIbatisApplicationTests         : Started DemoIbatisApplicationTests in 9.4 seconds (JVM running for 14.218)
2020-06-23 01:03:09.422  INFO 18000 --- [SpringContextShutdownHook] o.s.s.concurrent.ThreadPoolTaskExecutor  : Shutting down ExecutorService 'applicationTaskExecutor'
2020-06-23 01:03:31.739  INFO 264 --- [main] c.t.d.DemoIbatisApplicationTests         : Starting DemoIbatisApplicationTests on LAPTOP-O1KOFQ1P with PID 264 (started by WZX in E:\Workspace\demo_ibatis)
2020-06-23 01:03:31.742 DEBUG 264 --- [main] c.t.d.DemoIbatisApplicationTests         : Running with Spring Boot v2.2.1.RELEASE, Spring v5.2.1.RELEASE
2020-06-23 01:03:31.743  INFO 264 --- [main] c.t.d.DemoIbatisApplicationTests         : The following profiles are active: dev
2020-06-23 01:03:37.896  INFO 264 --- [main] o.s.s.concurrent.ThreadPoolTaskExecutor  : Initializing ExecutorService 'applicationTaskExecutor'
2020-06-23 01:03:38.320  INFO 264 --- [main] o.s.b.a.w.s.WelcomePageHandlerMapping    : Adding welcome page: class path resource [static/index.html]
2020-06-23 01:03:39.681  INFO 264 --- [main] c.t.d.DemoIbatisApplicationTests         : Started DemoIbatisApplicationTests in 9.376 seconds (JVM running for 14.191)
2020-06-23 01:03:40.450  INFO 264 --- [SpringContextShutdownHook] o.s.s.concurrent.ThreadPoolTaskExecutor  : Shutting down ExecutorService 'applicationTaskExecutor'
